<?xml version="1.0" encoding="UTF-8"?>
<!-- Generated by org.testng.reporters.JUnitReportReporter -->
<testsuite hostname="DESKTOP-F1LBVE6" failures="0" tests="1" name="com.crm.qa.testcases.CustomerdepositTestcase" time="6.679" errors="0" timestamp="12 Mar 2024 11:59:31 GMT" skipped="0">
  <testcase classname="com.crm.qa.testcases.CustomerdepositTestcase" name="customerdeposit" time="6.679"/>
</testsuite> <!-- com.crm.qa.testcases.CustomerdepositTestcase -->
