<?xml version="1.0" encoding="UTF-8"?>
<!-- Generated by org.testng.reporters.JUnitReportReporter -->
<testsuite hostname="DESKTOP-F1LBVE6" failures="0" tests="1" name="com.crm.qa.testcases.CustomerloginTestcase" time="8.106" errors="0" timestamp="12 Mar 2024 11:59:50 GMT" skipped="0">
  <testcase classname="com.crm.qa.testcases.CustomerloginTestcase" name="customerloginpagetest" time="8.106"/>
</testsuite> <!-- com.crm.qa.testcases.CustomerloginTestcase -->
