<?xml version="1.0" encoding="UTF-8"?>
<!-- Generated by org.testng.reporters.JUnitReportReporter -->
<testsuite hostname="DESKTOP-F1LBVE6" failures="0" tests="1" name="com.crm.qa.testcases.CustomerwithdrawalTestcace" time="7.175" errors="0" timestamp="12 Mar 2024 12:00:31 GMT" skipped="0">
  <testcase classname="com.crm.qa.testcases.CustomerwithdrawalTestcace" name="customerwithdrawl" time="7.175"/>
</testsuite> <!-- com.crm.qa.testcases.CustomerwithdrawalTestcace -->
