<?xml version="1.0" encoding="UTF-8"?>
<!-- Generated by org.testng.reporters.JUnitReportReporter -->
<testsuite hostname="DESKTOP-F1LBVE6" failures="0" tests="1" name="com.crm.qa.testcases.SearchcustomerTestcase" time="6.450" errors="0" timestamp="10 Mar 2024 14:55:14 GMT" skipped="0">
  <testcase classname="com.crm.qa.testcases.SearchcustomerTestcase" name="searchcustomers" time="6.450"/>
</testsuite> <!-- com.crm.qa.testcases.SearchcustomerTestcase -->
