<?xml version="1.0" encoding="UTF-8"?>
<!-- Generated by org.testng.reporters.JUnitReportReporter -->
<testsuite hostname="DESKTOP-F1LBVE6" failures="0" tests="1" name="com.crm.qa.testcases.CustomertransactionTestcase" time="6.547" errors="0" timestamp="12 Mar 2024 12:00:13 GMT" skipped="0">
  <testcase classname="com.crm.qa.testcases.CustomertransactionTestcase" name="customertransaction" time="6.547"/>
</testsuite> <!-- com.crm.qa.testcases.CustomertransactionTestcase -->
